<?xml version="1.0" encoding="UTF-8"?>
<!-- Generated by org.testng.reporters.JUnitXMLReporter -->
<testsuite hostname="sai" name="Nopackage2" tests="3" failures="0" timestamp="23 Jun 2021 15:45:13 GMT" time="106.18" errors="0">
  <testcase name="tc_101" time="25.618" classname="com.hrms.Testscript.TC_101_VerifyLogin"/>
  <testcase name="tc_102" time="36.94" classname="com.hrms.Testscript.TC_102_Add_NewEmp"/>
  <testcase name="tc_103" time="43.62" classname="com.hrms.Testscript.TC_103_DeleteEmp"/>
</testsuite> <!-- Nopackage2 -->
